<?xml version="1.0" encoding="UTF-8"?>
<Site BuildName="Win32-ninja"
	BuildStamp="20230831-1416-Experimental"
	Name="LAPTOP-EST09K3T"
	Generator="ctest-3.13.2"
	CompilerName=""
	CompilerVersion=""
	OSName="Windows"
	Hostname="LAPTOP-EST09K3T"
	OSRelease=" Personal"
	OSVersion=" (Build 19045)"
	OSPlatform="AMD64"
	Is64Bits="1"
	VendorString="GenuineIntel"
	VendorID="Intel Corporation"
	FamilyID="6"
	ModelID="14"
	ProcessorCacheSize="-1"
	NumberOfLogicalCPU="8"
	NumberOfPhysicalCPU="4"
	TotalVirtualMemory="33675"
	TotalPhysicalMemory="16267"
	LogicalProcessorsPerPhysical="2"
	ProcessorClockFrequency="2806"
	>
	<Testing>
		<StartDateTime>Aug 31 17:22 Egypt Daylight Time</StartDateTime>
		<StartTestTime>1693491740</StartTestTime>
		<TestList/>
		<EndDateTime>Aug 31 17:22 Egypt Daylight Time</EndDateTime>
		<EndTestTime>1693491740</EndTestTime>
		<ElapsedMinutes>0</ElapsedMinutes>
	</Testing>
</Site>
